C51 COMPILER V9.57.0.0   MAIN                                                              07/19/2018 14:32:13 PAGE 1   


C51 COMPILER V9.57.0.0, COMPILATION OF MODULE MAIN
OBJECT MODULE PLACED IN .\Output\main.obj
COMPILER INVOKED BY: C:\Keil_v5\C51\BIN\C51.EXE Code\main.c OPTIMIZE(8,SPEED) BROWSE INCDIR(..\..\Include) DEFINE(FOSC_1
                    -60000) DEBUG OBJECTEXTEND PRINT(.\LST\main.lst) TABS(2) OBJECT(.\Output\main.obj)

line level    source

   1          #include "N76E003.h"
   2          #include "SFR_Macro.h"
   3          #include "Function_define.h"
   4          #include "Common.h"
   5          #include "Delay.h"
   6           
   7          //interrupt function
   8           
   9          //Function define
  10           
  11          //main code
  12          void main(void)
  13          {
  14   1      
  15   1            ////***** LIRC enable part*****
  16   1            ////** Since LIRC is always enable, switch to LIRC directly
  17   1            set_OSC1; //step3: switching system clock source if needed
  18   1            clr_OSC0;
  19   1            while((CKEN)==1);  //step4: check system clock switching OK or NG
  20   1            clr_HIRCEN;
  21   1          
  22   1      while(1);
  23   1      }


MODULE INFORMATION:   STATIC OVERLAYABLE
   CODE SIZE        =     65    ----
   CONSTANT SIZE    =   ----    ----
   XDATA SIZE       =   ----    ----
   PDATA SIZE       =   ----    ----
   DATA SIZE        =   ----    ----
   IDATA SIZE       =   ----    ----
   BIT SIZE         =   ----    ----
END OF MODULE INFORMATION.


C51 COMPILATION COMPLETE.  0 WARNING(S),  0 ERROR(S)
